2022-06-05 10:48:44,504  INFO [main] NoBroker:27 - Browser opened successfully
2022-06-05 10:48:47,018  INFO [main] NoBroker:36 - url hited
2022-06-05 10:49:04,761  INFO [main] NoBroker:39 - Locality has been set to White Field
2022-06-05 10:49:09,998  INFO [main] NoBroker:59 - Buying Properties in White Field Banglore are visible
2022-06-05 10:49:26,036  INFO [main] NoBroker:47 - Locality has been set to MG Road
2022-06-05 10:49:33,589  INFO [main] NoBroker:66 - Buying Properties in MG Road Banglore are visible
2022-06-05 10:49:45,739  INFO [main] NoBroker:44 - Locality has been set to Tipu Sultan
2022-06-05 10:49:55,963  INFO [main] NoBroker:63 - Commercial Properties in Tipu Sultan Banglore are visible
2022-06-05 10:50:11,078  INFO [main] NoBroker:42 - Avoid Broker Page has been showned up
2022-06-05 10:50:27,715  INFO [main] NoBroker:48 - Painting and cleaning page is showing
2022-06-05 10:50:59,802  INFO [main] NoBroker:42 - Navigated to Seller Plan Page
2022-06-05 10:51:02,854  INFO [main] NoBroker:50 - Verified title of plan at Seller Plan Page
2022-06-05 10:51:05,975  INFO [main] NoBroker:55 - Verified amount of plan at Seller Plan Page
2022-06-05 10:51:24,738  INFO [main] NoBroker:45 - Navigated to Owner Plan Page
2022-06-05 10:51:27,779  INFO [main] NoBroker:53 - Verified title of plan at Owner Plan Page
2022-06-05 10:51:30,822  INFO [main] NoBroker:58 - Verified amount of plan at Owner Plan Page
2022-06-05 10:51:48,202  INFO [main] NoBroker:42 - Navigated to Corportae Inquiry Page
2022-06-05 10:51:51,273  INFO [main] NoBroker:49 - Clicked on the home services option
2022-06-05 10:52:02,679  INFO [main] NoBroker:35 - Clicked on the Packers and movers option
2022-06-05 10:52:05,713  INFO [main] NoBroker:43 - Verified title at Packers and Movers Page
